<?xml version="1.0" encoding="UTF-8"?>
<!-- Generated by org.testng.reporters.JUnitReportReporter -->
<testsuite hostname="DESKTOP-L9K84G3" failures="0" tests="1" name="testclasses.verifyusercanlogin" time="28.122" errors="0" timestamp="2022-10-19T23:55:39 IST" skipped="0">
  <testcase classname="testclasses.verifyusercanlogin" name="VerifyUserLogin" time="28.122"/>
  <system-out/>
</testsuite> <!-- testclasses.verifyusercanlogin -->
